<?xml version="1.0" encoding="UTF-8"?>
<!-- Generated by org.testng.reporters.JUnitReportReporter -->
<testsuite hostname="Khurshid_Alam" failures="0" tests="2" name="Leads.CreateCompanyWithNoOfEmp" time="62.846" errors="0" timestamp="2025-04-22T21:12:26 IST" skipped="0">
  <testcase classname="Leads.CreateCompanyWithNoOfEmp" name="createCompWithEmpNoTest" time="30.518"/>
  <testcase classname="Leads.CreateCompanyWithNoOfEmp" name="createCompWithEmpNoTest" time="32.328"/>
</testsuite> <!-- Leads.CreateCompanyWithNoOfEmp -->
