<?xml version="1.0" encoding="UTF-8"?>
<!-- Generated by org.testng.reporters.JUnitReportReporter -->
<testsuite hostname="Khurshid_Alam" failures="0" tests="1" name="DataDrivenTesting.Listener" time="11.530" errors="0" timestamp="2025-04-23T16:11:44 IST" skipped="0">
  <testcase classname="DataDrivenTesting.Listener" name="create" time="11.530"/>
</testsuite> <!-- DataDrivenTesting.Listener -->
