<?xml version="1.0" encoding="UTF-8"?>
<!-- Generated by org.testng.reporters.JUnitReportReporter -->
<testsuite hostname="Khurshid_Alam" failures="0" tests="1" name="DataDrivenTesting.ReportCreating" time="0.693" errors="0" timestamp="2025-04-24T13:11:43 IST" skipped="0">
  <testcase classname="DataDrivenTesting.ReportCreating" name="createContactTest" time="0.693"/>
</testsuite> <!-- DataDrivenTesting.ReportCreating -->
