<?xml version="1.0" encoding="UTF-8"?>
<!-- Generated by org.testng.reporters.JUnitReportReporter -->
<testsuite hostname="Khurshid_Alam" failures="0" tests="1" name="Organization.CreateOrgWithTypeTest" time="22.647" errors="0" timestamp="2025-05-01T14:46:20 IST" skipped="0">
  <testcase classname="Organization.CreateOrgWithTypeTest" name="createOrgWithTypeTest" time="22.647"/>
</testsuite> <!-- Organization.CreateOrgWithTypeTest -->
