<?xml version="1.0" encoding="UTF-8"?>
<!-- Generated by org.testng.reporters.JUnitReportReporter -->
<testsuite hostname="Khurshid_Alam" failures="0" tests="1" name="Contact.CreateContactWithOrg" time="42.610" errors="0" timestamp="2025-04-29T16:19:29 IST" skipped="0">
  <testcase classname="Contact.CreateContactWithOrg" name="createContactWithOrgTest" time="42.610"/>
</testsuite> <!-- Contact.CreateContactWithOrg -->
