<?xml version="1.0" encoding="UTF-8"?>
<!-- Generated by org.testng.reporters.JUnitReportReporter -->
<testsuite hostname="Khurshid_Alam" failures="0" tests="1" name="Organization.CreateOrganization" time="24.330" errors="0" timestamp="2025-04-25T10:00:10 IST" skipped="0">
  <testcase classname="Organization.CreateOrganization" name="createOrgTest" time="24.330"/>
</testsuite> <!-- Organization.CreateOrganization -->
