<?xml version="1.0" encoding="UTF-8"?>
<!-- Generated by org.testng.reporters.JUnitReportReporter -->
<testsuite hostname="Khurshid_Alam" failures="0" tests="2" name="Leads.CreateCompanyWithNoOfEmpTest" time="64.652" errors="0" timestamp="2025-05-01T15:12:59 IST" skipped="0">
  <testcase classname="Leads.CreateCompanyWithNoOfEmpTest" name="createCompWithEmpNoTest" time="31.881"/>
  <testcase classname="Leads.CreateCompanyWithNoOfEmpTest" name="createCompWithEmpNoTest" time="32.771"/>
</testsuite> <!-- Leads.CreateCompanyWithNoOfEmpTest -->
