<?xml version="1.0" encoding="UTF-8"?>
<!-- Generated by org.testng.reporters.JUnitReportReporter -->
<testsuite hostname="Khurshid_Alam" failures="0" tests="2" name="Contact.CreateContactWithSupportDateTest" time="56.030" errors="0" timestamp="2025-05-01T15:12:59 IST" skipped="0">
  <testcase classname="Contact.CreateContactWithSupportDateTest" name="createContactWithSupportDateTest" time="27.782"/>
  <testcase classname="Contact.CreateContactWithSupportDateTest" name="createContactWithSupportDateTest" time="28.248"/>
</testsuite> <!-- Contact.CreateContactWithSupportDateTest -->
