<?xml version="1.0" encoding="UTF-8"?>
<!-- Generated by org.testng.reporters.JUnitReportReporter -->
<testsuite hostname="Khurshid_Alam" failures="0" tests="1" name="Leads.CreateCompanyTest" time="22.283" errors="0" timestamp="2025-05-01T14:46:20 IST" skipped="0">
  <testcase classname="Leads.CreateCompanyTest" name="createCompanyTest" time="22.283"/>
</testsuite> <!-- Leads.CreateCompanyTest -->
