<?xml version="1.0" encoding="UTF-8"?>
<!-- Generated by org.testng.reporters.JUnitReportReporter -->
<testsuite hostname="Khurshid_Alam" failures="0" tests="1" name="Organization.CreateOrganizationWithEmpTest" time="21.538" errors="0" timestamp="2025-05-01T15:03:58 IST" skipped="0">
  <testcase classname="Organization.CreateOrganizationWithEmpTest" name="createOrgWithEmpTest" time="21.538"/>
</testsuite> <!-- Organization.CreateOrganizationWithEmpTest -->
