<?xml version="1.0" encoding="UTF-8"?>
<!-- Generated by org.testng.reporters.JUnitReportReporter -->
<testsuite hostname="Khurshid_Alam" failures="0" tests="1" name="Contact.CreateContactWithOrgTest" time="44.241" errors="0" timestamp="2025-05-06T12:43:34 IST" skipped="0">
  <testcase classname="Contact.CreateContactWithOrgTest" name="createContactWithOrgTest" time="44.241"/>
</testsuite> <!-- Contact.CreateContactWithOrgTest -->
