<?xml version="1.0" encoding="UTF-8"?>
<!-- Generated by org.testng.reporters.JUnitReportReporter -->
<testsuite hostname="Khurshid_Alam" failures="0" tests="2" name="Contact.CreateContactWithEmail" time="63.966" errors="0" timestamp="2025-04-22T21:12:26 IST" skipped="0">
  <testcase classname="Contact.CreateContactWithEmail" name="createContactWithEmailTest" time="27.914"/>
  <testcase classname="Contact.CreateContactWithEmail" name="createContactWithEmailTest" time="36.052"/>
</testsuite> <!-- Contact.CreateContactWithEmail -->
