<?xml version="1.0" encoding="UTF-8"?>
<!-- Generated by org.testng.reporters.JUnitReportReporter -->
<testsuite hostname="Khurshid_Alam" failures="0" tests="2" name="Leads.CreateCompanyWithPhoneNoTest" time="58.994" errors="0" timestamp="2025-05-01T15:12:59 IST" skipped="0">
  <testcase classname="Leads.CreateCompanyWithPhoneNoTest" name="createCompWithPhoneNoTest" time="29.179"/>
  <testcase classname="Leads.CreateCompanyWithPhoneNoTest" name="createCompWithPhoneNoTest" time="29.815"/>
</testsuite> <!-- Leads.CreateCompanyWithPhoneNoTest -->
