<?xml version="1.0" encoding="UTF-8"?>
<!-- Generated by org.testng.reporters.JUnitReportReporter -->
<testsuite hostname="Khurshid_Alam" failures="0" tests="1" name="Organization.CreateOrganizationTest" time="30.157" errors="0" timestamp="2025-04-10T15:07:40 IST" skipped="0">
  <testcase classname="Organization.CreateOrganizationTest" name="createOrg" time="30.157"/>
</testsuite> <!-- Organization.CreateOrganizationTest -->
