<?xml version="1.0" encoding="UTF-8"?>
<!-- Generated by org.testng.reporters.JUnitReportReporter -->
<testsuite hostname="Khurshid_Alam" failures="0" tests="1" name="Contact.CreateContactWithSupportDateTest" time="26.718" errors="0" timestamp="2025-05-06T12:43:34 IST" skipped="0">
  <testcase classname="Contact.CreateContactWithSupportDateTest" name="createContactWithSupportDateTest" time="26.718"/>
</testsuite> <!-- Contact.CreateContactWithSupportDateTest -->
