<?xml version="1.0" encoding="UTF-8"?>
<!-- Generated by org.testng.reporters.JUnitReportReporter -->
<testsuite hostname="Khurshid_Alam" failures="0" tests="1" name="Contact.CreateContactTest" time="22.270" errors="0" timestamp="2025-05-01T14:46:20 IST" skipped="0">
  <testcase classname="Contact.CreateContactTest" name="createContectTest" time="22.270"/>
</testsuite> <!-- Contact.CreateContactTest -->
