<?xml version="1.0" encoding="UTF-8"?>
<!-- Generated by org.testng.reporters.JUnitReportReporter -->
<testsuite hostname="Khurshid_Alam" failures="0" tests="2" name="Contact.CreateContactWithSupportDate" time="70.702" errors="0" timestamp="2025-04-22T21:12:26 IST" skipped="0">
  <testcase classname="Contact.CreateContactWithSupportDate" name="createContactWithSupportDateTest" time="32.630"/>
  <testcase classname="Contact.CreateContactWithSupportDate" name="createContactWithSupportDateTest" time="38.072"/>
</testsuite> <!-- Contact.CreateContactWithSupportDate -->
