<?xml version="1.0" encoding="UTF-8"?>
<!-- Generated by org.testng.reporters.JUnitReportReporter -->
<testsuite hostname="Khurshid_Alam" failures="0" tests="1" name="Leads.CompanyDetails" time="26.959" errors="0" timestamp="2025-04-22T21:01:07 IST" skipped="0">
  <testcase classname="Leads.CompanyDetails" name="companyDetailsTest" time="26.959"/>
</testsuite> <!-- Leads.CompanyDetails -->
