<?xml version="1.0" encoding="UTF-8"?>
<!-- Generated by org.testng.reporters.JUnitReportReporter -->
<testsuite hostname="Khurshid_Alam" failures="0" tests="1" name="DataDrivenTesting.ReadDataFromTestNGXmlTest" time="0.013" errors="0" timestamp="2025-04-10T15:10:57 IST" skipped="0">
  <testcase classname="DataDrivenTesting.ReadDataFromTestNGXmlTest" name="sampleTest" time="0.013"/>
</testsuite> <!-- DataDrivenTesting.ReadDataFromTestNGXmlTest -->
