<?xml version="1.0" encoding="UTF-8"?>
<!-- Generated by org.testng.reporters.JUnitReportReporter -->
<testsuite hostname="Khurshid_Alam" failures="0" tests="2" name="Contact.CreateContactWithEmailTest" time="58.411" errors="0" timestamp="2025-05-01T15:12:59 IST" skipped="0">
  <testcase classname="Contact.CreateContactWithEmailTest" name="createContactWithEmailTest" time="29.210"/>
  <testcase classname="Contact.CreateContactWithEmailTest" name="createContactWithEmailTest" time="29.201"/>
</testsuite> <!-- Contact.CreateContactWithEmailTest -->
