<?xml version="1.0" encoding="UTF-8"?>
<!-- Generated by org.testng.reporters.JUnitReportReporter -->
<testsuite hostname="Khurshid_Alam" failures="0" tests="1" name="Organization.CreateOrganizationWithEmp" time="22.660" errors="0" timestamp="2025-04-29T16:19:29 IST" skipped="0">
  <testcase classname="Organization.CreateOrganizationWithEmp" name="createOrgWithEmpTest" time="22.660"/>
</testsuite> <!-- Organization.CreateOrganizationWithEmp -->
