<?xml version="1.0" encoding="UTF-8"?>
<!-- Generated by org.testng.reporters.JUnitReportReporter -->
<testsuite hostname="Khurshid_Alam" failures="0" tests="1" name="Leads.CreateCompany" time="22.162" errors="0" timestamp="2025-04-29T16:16:03 IST" skipped="0">
  <testcase classname="Leads.CreateCompany" name="createCompanyTest" time="22.162"/>
</testsuite> <!-- Leads.CreateCompany -->
