<?xml version="1.0" encoding="UTF-8"?>
<!-- Generated by org.testng.reporters.JUnitReportReporter -->
<testsuite hostname="Khurshid_Alam" failures="0" tests="1" name="Organization.CreateOrgWithPhoneNo" time="25.956" errors="0" timestamp="2025-04-22T15:09:04 IST" skipped="0">
  <testcase classname="Organization.CreateOrgWithPhoneNo" name="createOrgWithPhoneTest" time="25.956"/>
</testsuite> <!-- Organization.CreateOrgWithPhoneNo -->
