<?xml version="1.0" encoding="UTF-8"?>
<!-- Generated by org.testng.reporters.JUnitReportReporter -->
<testsuite hostname="Khurshid_Alam" failures="0" tests="1" name="Leads.CreateCompanyWithPhoneNo" time="22.663" errors="0" timestamp="2025-04-29T16:19:29 IST" skipped="0">
  <testcase classname="Leads.CreateCompanyWithPhoneNo" name="createCompWithPhoneNoTest" time="22.663"/>
</testsuite> <!-- Leads.CreateCompanyWithPhoneNo -->
