<?xml version="1.0" encoding="UTF-8"?>
<!-- Generated by org.testng.reporters.JUnitReportReporter -->
<testsuite hostname="Khurshid_Alam" failures="0" tests="1" name="DataDrivenTesting.ReadXmlDataTest" time="7.953" errors="0" timestamp="2025-04-10T15:18:17 IST" skipped="0">
  <testcase classname="DataDrivenTesting.ReadXmlDataTest" name="createOrgTest" time="7.953"/>
</testsuite> <!-- DataDrivenTesting.ReadXmlDataTest -->
